Determining if the pthread_create exist failed with the following output:
Change Dir: /workspace/simple/workspace/build/CMakeFiles/CMakeTmp

Run Build Command:"/usr/bin/make" "cmTC_119f0/fast"
/usr/bin/make -f CMakeFiles/cmTC_119f0.dir/build.make CMakeFiles/cmTC_119f0.dir/build
make[1]: Entering directory '/workspace/simple/workspace/build/CMakeFiles/CMakeTmp'
Building C object CMakeFiles/cmTC_119f0.dir/CheckSymbolExists.c.o
/usr/bin/cc    -o CMakeFiles/cmTC_119f0.dir/CheckSymbolExists.c.o   -c /workspace/simple/workspace/build/CMakeFiles/CMakeTmp/CheckSymbolExists.c
Linking C executable cmTC_119f0
/usr/bin/cmake -E cmake_link_script CMakeFiles/cmTC_119f0.dir/link.txt --verbose=1
/usr/bin/cc      -rdynamic CMakeFiles/cmTC_119f0.dir/CheckSymbolExists.c.o  -o cmTC_119f0 
CMakeFiles/cmTC_119f0.dir/CheckSymbolExists.c.o: In function `main':
CheckSymbolExists.c:(.text+0x1b): undefined reference to `pthread_create'
collect2: error: ld returned 1 exit status
CMakeFiles/cmTC_119f0.dir/build.make:97: recipe for target 'cmTC_119f0' failed
make[1]: *** [cmTC_119f0] Error 1
make[1]: Leaving directory '/workspace/simple/workspace/build/CMakeFiles/CMakeTmp'
Makefile:126: recipe for target 'cmTC_119f0/fast' failed
make: *** [cmTC_119f0/fast] Error 2

File /workspace/simple/workspace/build/CMakeFiles/CMakeTmp/CheckSymbolExists.c:
/* */
#include <pthread.h>

int main(int argc, char** argv)
{
  (void)argv;
#ifndef pthread_create
  return ((int*)(&pthread_create))[argc];
#else
  (void)argc;
  return 0;
#endif
}

Determining if the function pthread_create exists in the pthreads failed with the following output:
Change Dir: /workspace/simple/workspace/build/CMakeFiles/CMakeTmp

Run Build Command:"/usr/bin/make" "cmTC_230af/fast"
/usr/bin/make -f CMakeFiles/cmTC_230af.dir/build.make CMakeFiles/cmTC_230af.dir/build
make[1]: Entering directory '/workspace/simple/workspace/build/CMakeFiles/CMakeTmp'
Building C object CMakeFiles/cmTC_230af.dir/CheckFunctionExists.c.o
/usr/bin/cc   -DCHECK_FUNCTION_EXISTS=pthread_create   -o CMakeFiles/cmTC_230af.dir/CheckFunctionExists.c.o   -c /usr/share/cmake-3.10/Modules/CheckFunctionExists.c
Linking C executable cmTC_230af
/usr/bin/cmake -E cmake_link_script CMakeFiles/cmTC_230af.dir/link.txt --verbose=1
/usr/bin/cc  -DCHECK_FUNCTION_EXISTS=pthread_create    -rdynamic CMakeFiles/cmTC_230af.dir/CheckFunctionExists.c.o  -o cmTC_230af -lpthreads 
/usr/bin/ld: cannot find -lpthreads
collect2: error: ld returned 1 exit status
CMakeFiles/cmTC_230af.dir/build.make:97: recipe for target 'cmTC_230af' failed
make[1]: *** [cmTC_230af] Error 1
make[1]: Leaving directory '/workspace/simple/workspace/build/CMakeFiles/CMakeTmp'
Makefile:126: recipe for target 'cmTC_230af/fast' failed
make: *** [cmTC_230af/fast] Error 2


