Determining if the pthread_create exist failed with the following output:
Change Dir: /home/e/ROS-demo/armbot/build/CMakeFiles/CMakeTmp

Run Build Command:"/usr/bin/make" "cmTC_f0103/fast"
/usr/bin/make -f CMakeFiles/cmTC_f0103.dir/build.make CMakeFiles/cmTC_f0103.dir/build
make[1]: вход в каталог «/home/e/ROS-demo/armbot/build/CMakeFiles/CMakeTmp»
Building C object CMakeFiles/cmTC_f0103.dir/CheckSymbolExists.c.o
/usr/bin/cc    -o CMakeFiles/cmTC_f0103.dir/CheckSymbolExists.c.o   -c /home/e/ROS-demo/armbot/build/CMakeFiles/CMakeTmp/CheckSymbolExists.c
Linking C executable cmTC_f0103
/usr/bin/cmake -E cmake_link_script CMakeFiles/cmTC_f0103.dir/link.txt --verbose=1
/usr/bin/cc      -rdynamic CMakeFiles/cmTC_f0103.dir/CheckSymbolExists.c.o  -o cmTC_f0103 
CMakeFiles/cmTC_f0103.dir/CheckSymbolExists.c.o: In function `main':
CheckSymbolExists.c:(.text+0x1b): undefined reference to `pthread_create'
collect2: error: ld returned 1 exit status
CMakeFiles/cmTC_f0103.dir/build.make:97: recipe for target 'cmTC_f0103' failed
make[1]: *** [cmTC_f0103] Error 1
make[1]: выход из каталога «/home/e/ROS-demo/armbot/build/CMakeFiles/CMakeTmp»
Makefile:126: recipe for target 'cmTC_f0103/fast' failed
make: *** [cmTC_f0103/fast] Error 2

File /home/e/ROS-demo/armbot/build/CMakeFiles/CMakeTmp/CheckSymbolExists.c:
/* */
#include <pthread.h>

int main(int argc, char** argv)
{
  (void)argv;
#ifndef pthread_create
  return ((int*)(&pthread_create))[argc];
#else
  (void)argc;
  return 0;
#endif
}

Determining if the function pthread_create exists in the pthreads failed with the following output:
Change Dir: /home/e/ROS-demo/armbot/build/CMakeFiles/CMakeTmp

Run Build Command:"/usr/bin/make" "cmTC_51feb/fast"
/usr/bin/make -f CMakeFiles/cmTC_51feb.dir/build.make CMakeFiles/cmTC_51feb.dir/build
make[1]: вход в каталог «/home/e/ROS-demo/armbot/build/CMakeFiles/CMakeTmp»
Building C object CMakeFiles/cmTC_51feb.dir/CheckFunctionExists.c.o
/usr/bin/cc   -DCHECK_FUNCTION_EXISTS=pthread_create   -o CMakeFiles/cmTC_51feb.dir/CheckFunctionExists.c.o   -c /usr/share/cmake-3.10/Modules/CheckFunctionExists.c
Linking C executable cmTC_51feb
/usr/bin/cmake -E cmake_link_script CMakeFiles/cmTC_51feb.dir/link.txt --verbose=1
/usr/bin/cc  -DCHECK_FUNCTION_EXISTS=pthread_create    -rdynamic CMakeFiles/cmTC_51feb.dir/CheckFunctionExists.c.o  -o cmTC_51feb -lpthreads 
/usr/bin/ld: cannot find -lpthreads
collect2: error: ld returned 1 exit status
CMakeFiles/cmTC_51feb.dir/build.make:97: recipe for target 'cmTC_51feb' failed
make[1]: *** [cmTC_51feb] Error 1
make[1]: выход из каталога «/home/e/ROS-demo/armbot/build/CMakeFiles/CMakeTmp»
Makefile:126: recipe for target 'cmTC_51feb/fast' failed
make: *** [cmTC_51feb/fast] Error 2


